\BOOKMARK [1][-]{section.1}{Introduction}{}% 1
\BOOKMARK [1][-]{section.2}{Methods}{}% 2
\BOOKMARK [2][-]{subsection.2.1}{Force fields}{section.2}% 3
\BOOKMARK [2][-]{subsection.2.2}{Simulation set-up}{section.2}% 4
\BOOKMARK [2][-]{subsection.2.3}{Data analysis}{section.2}% 5
\BOOKMARK [1][-]{section.3}{Results}{}% 6
\BOOKMARK [2][-]{subsection.3.1}{Saturated Liquid}{section.3}% 7
\BOOKMARK [3][-]{subsubsection.3.1.1}{n-Alkanes}{subsection.3.1}% 8
\BOOKMARK [3][-]{subsubsection.3.1.2}{Branched alkanes}{subsection.3.1}% 9
\BOOKMARK [2][-]{subsection.3.2}{High pressure fluid}{section.3}% 10
\BOOKMARK [3][-]{subsubsection.3.2.1}{n-Alkanes}{subsection.3.2}% 11
\BOOKMARK [3][-]{subsubsection.3.2.2}{Branched alkanes}{subsection.3.2}% 12
\BOOKMARK [1][-]{section.4}{Discussion/Limitations}{}% 13
\BOOKMARK [1][-]{section.5}{Conclusions}{}% 14
\BOOKMARK [1][-]{section.6}{Acknowledgments}{}% 15
\BOOKMARK [1][-]{section.7}{Supporting Information}{}% 16
\BOOKMARK [2][-]{subsection.7.1}{Gromacs input files}{section.7}% 17
\BOOKMARK [2][-]{subsection.7.2}{Tabulated values}{section.7}% 18
\BOOKMARK [2][-]{subsection.7.3}{Finite-size effects}{section.7}% 19
\BOOKMARK [2][-]{subsection.7.4}{Simulation length effects}{section.7}% 20
\BOOKMARK [2][-]{subsection.7.5}{Validation Runs}{section.7}% 21
\BOOKMARK [2][-]{subsection.7.6}{Bond types, Harmonic vs LINCS}{section.7}% 22
\BOOKMARK [2][-]{subsection.7.7}{Green-Kubo analysis}{section.7}% 23
\BOOKMARK [2][-]{subsection.7.8}{MCMC?}{section.7}% 24
